<?xml version="1.0" encoding="UTF-8"?>
<!-- Generated by org.testng.reporters.JUnitXMLReporter -->
<testsuite ignored="1" hostname="LAPTOP-5PVFR6I4" failures="0" tests="1" name="Test" time="91.79" errors="0" timestamp="2022-03-02T14:44:34 IST">
  <testcase classname="com.crm.OrganizationTests.CreateOrgWithIndType" name="sampletest" time="0.007"/>
  <testcase classname="com.crm.OrganizationTests.CreateOrgWithIndType" name="createOrgWithIndHealthCareTest" time="0.0">
    <ignored/>
  </testcase> <!-- createOrgWithIndHealthCareTest -->
</testsuite> <!-- Test -->
